{
  "stats": {
    "suites": 1,
    "tests": 1,
    "passes": 1,
    "pending": 0,
    "failures": 0,
    "start": "2024-09-03T18:28:44.925Z",
    "end": "2024-09-03T18:28:47.307Z",
    "duration": 2382,
    "testsRegistered": 1,
    "passPercent": 100,
    "pendingPercent": 0,
    "other": 0,
    "hasOther": false,
    "skipped": 0,
    "hasSkipped": false
  },
  "results": [
    {
      "uuid": "ef11ae08-518e-4a5b-b8f8-89dc08ee8511",
      "title": "",
      "fullFile": "cypress/e2e/test.cy.js",
      "file": "cypress/e2e/test.cy.js",
      "beforeHooks": [],
      "afterHooks": [],
      "tests": [],
      "suites": [
        {
          "uuid": "15b1a1db-de45-4453-b4f6-5361fdac1ae9",
          "title": "Checking elements on page",
          "fullFile": "",
          "file": "",
          "beforeHooks": [],
          "afterHooks": [],
          "tests": [
            {
              "title": "Find and test elements on the page",
              "fullTitle": "Checking elements on page Find and test elements on the page",
              "timedOut": null,
              "duration": 2295,
              "state": "passed",
              "speed": "fast",
              "pass": true,
              "fail": false,
              "pending": false,
              "context": null,
              "code": "cy.get(\"button.hero-descriptor_btn.btn.btn-primary\", {\n  timeout: 2000\n}).should(\"be.visible\");\ncy.get(\"div.contacts_socials.socials\").find(\"span.socials_icon.icon.icon-facebook\").should(\"be.visible\");\ncy.get(\"div.contacts_socials.socials\").find(\"span.socials_icon.icon.icon-telegram\").should(\"be.visible\");\ncy.get(\"div.contacts_socials.socials\").find(\"span.socials_icon.icon.icon-youtube\").should(\"be.visible\");\ncy.get(\"div.contacts_socials.socials\").find(\"span.socials_icon.icon.icon-instagram\").should(\"be.visible\");\ncy.get(\"div.contacts_socials.socials\").find(\"span.socials_icon.icon.icon-linkedin\").should(\"be.visible\");\ncy.get(\"div.col-md-6.d-flex.flex-column.align-items-center.align-items-md-end.justify-content-md-end.mb-2.mt-3.mt-md-0\").find(\"a.contacts_link.display-4\").should(\"be.visible\");\ncy.get(\"div.col-md-6.d-flex.flex-column.align-items-center.align-items-md-end.justify-content-md-end.mb-2.mt-3.mt-md-0\").find(\"a.contacts_link.h4\").should(\"be.visible\");",
              "err": {},
              "uuid": "e3a3a65b-080c-4750-aed2-608c0b6c5c3e",
              "parentUUID": "15b1a1db-de45-4453-b4f6-5361fdac1ae9",
              "isHook": false,
              "skipped": false
            }
          ],
          "suites": [],
          "passes": [
            "e3a3a65b-080c-4750-aed2-608c0b6c5c3e"
          ],
          "failures": [],
          "pending": [],
          "skipped": [],
          "duration": 2295,
          "root": false,
          "rootEmpty": false,
          "_timeout": 2000
        }
      ],
      "passes": [],
      "failures": [],
      "pending": [],
      "skipped": [],
      "duration": 0,
      "root": true,
      "rootEmpty": true,
      "_timeout": 2000
    }
  ],
  "meta": {
    "mocha": {
      "version": "7.0.1"
    },
    "mochawesome": {
      "options": {
        "quiet": false,
        "reportFilename": "mochawesome",
        "saveHtml": true,
        "saveJson": true,
        "consoleReporter": "spec",
        "useInlineDiffs": false,
        "code": true
      },
      "version": "7.1.3"
    },
    "marge": {
      "options": null,
      "version": "6.2.0"
    }
  }
}